#
# A fatal error has been detected by the Java Runtime Environment:
#
#  EXCEPTION_ACCESS_VIOLATION (0xc0000005) at pc=0x0000000002d4d4c6, pid=4672, tid=0x0000000000001080
#
# JRE version: Java(TM) SE Runtime Environment (8.0_101-b13) (build 1.8.0_101-b13)
# Java VM: Java HotSpot(TM) 64-Bit Server VM (25.101-b13 mixed mode windows-amd64 compressed oops)
# Problematic frame:
# J 1163 C2 com.android.dx.rop.code.BasicBlockList$RegCountVisitor.visitPlainInsn(Lcom/android/dx/rop/code/PlainInsn;)V (6 bytes) @ 0x0000000002d4d4c6 [0x0000000002d4d420+0xa6]
#
# Failed to write core dump. Minidumps are not enabled by default on client versions of Windows
#
# If you would like to submit a bug report, please visit:
#   http://bugreport.java.com/bugreport/crash.jsp
#

---------------  T H R E A D  ---------------

Current thread (0x000000001dd4c000):  JavaThread "pool-2-thread-4" [_thread_in_Java, id=4224, stack(0x000000001e8c0000,0x000000001e9c0000)]

siginfo: ExceptionCode=0xc0000005, reading address 0x00000007332246d0

Registers:
RAX=0x00000007c007ca68, RBX=0x000000001bcd83e0, RCX=0x000000076ab11ae8, RDX=0x000000076ab11ae8
RSP=0x000000001e9be760, RBP=0x0000000000000001, RSI=0x00000006c1892078, RDI=0x0000000000000002
R8 =0x00000000e66448d8, R9 =0x000000076ab0d0d0, R10=0x00000006c18920a8, R11=0x0000000000000000
R12=0x0000000000000000, R13=0x000000076ab115b0, R14=0x000000001e9bec28, R15=0x000000001dd4c000
RIP=0x0000000002d4d4c6, EFLAGS=0x0000000000010246

Top of Stack: (sp=0x000000001e9be760)
0x000000001e9be760:   000000076ab11ae8 00000006c18920a8
0x000000001e9be770:   00000006c18921d8 0000000700000000
0x000000001e9be780:   000000001e9beb58 0000000773231fa0
0x000000001e9be790:   000002d900000001 000003e400000137
0x000000001e9be7a0:   0000000000000001 0000000002c9ae04
0x000000001e9be7b0:   00000000d83101b0 000000076ab0d010
0x000000001e9be7c0:   0000000000000001 0000000002e9583c
0x000000001e9be7d0:   000000076ab0d0d0 000000076ab11ae8
0x000000001e9be7e0:   00000060000001d6 00000002d831240f
0x000000001e9be7f0:   00000006c1892078 000000076ec01f90
0x000000001e9be800:   000000076ec00000 000000076ec06be0
0x000000001e9be810:   000000076e980f50 00000007c007ad78
0x000000001e9be820:   000000001e9beb58 0000000002e9ee9c
0x000000001e9be830:   00000006c189bc18 0000000000000003
0x000000001e9be840:   000000076ab0cfd8 0000000700000003
0x000000001e9be850:   d831378300000002 0000000000000003 

Instructions: (pc=0x0000000002d4d4c6)
0x0000000002d4d4a6:   0c 24 44 8b 51 0c 44 03 dd 45 3b da 7e 09 44 89
0x0000000002d4d4b6:   59 0c eb 03 48 8b ca 4c 8b 54 24 08 45 8b 42 18
0x0000000002d4d4c6:   47 8b 4c c4 10 47 8b 5c cc 0c 45 85 db 0f 8e c7
0x0000000002d4d4d6:   00 00 00 4b 8d 1c c4 45 33 d2 43 8b 7c cc 0c 44 


Register to memory mapping:

RAX=0x00000007c007ca68 is pointing into metadata
RBX={method} {0x000000001bcd83e8} 'visitPlainInsn' '(Lcom/android/dx/rop/code/PlainInsn;)V' in 'com/android/dx/rop/code/BasicBlockList$RegCountVisitor'
RCX=0x000000076ab11ae8 is an oop
com.android.dx.rop.code.BasicBlockList$RegCountVisitor 
 - klass: 'com/android/dx/rop/code/BasicBlockList$RegCountVisitor'
RDX=0x000000076ab11ae8 is an oop
com.android.dx.rop.code.BasicBlockList$RegCountVisitor 
 - klass: 'com/android/dx/rop/code/BasicBlockList$RegCountVisitor'
RSP=0x000000001e9be760 is pointing into the stack for thread: 0x000000001dd4c000
RBP=0x0000000000000001 is an unknown value
RSI=0x00000006c1892078 is an oop
com.android.dx.rop.code.InsnList 
 - klass: 'com/android/dx/rop/code/InsnList'
RDI=0x0000000000000002 is an unknown value
R8 =0x00000000e66448d8 is an unknown value
R9 =0x000000076ab0d0d0 is an oop
com.android.dx.rop.code.BasicBlockList 
 - klass: 'com/android/dx/rop/code/BasicBlockList'
R10=0x00000006c18920a8 is an oop
com.android.dx.rop.code.PlainInsn 
 - klass: 'com/android/dx/rop/code/PlainInsn'
R11=0x0000000000000000 is an unknown value
R12=0x0000000000000000 is an unknown value
R13=0x000000076ab115b0 is an oop
com.android.dx.rop.code.RopMethod 
 - klass: 'com/android/dx/rop/code/RopMethod'
R14=0x000000001e9bec28 is pointing into the stack for thread: 0x000000001dd4c000
R15=0x000000001dd4c000 is a thread


Stack: [0x000000001e8c0000,0x000000001e9c0000],  sp=0x000000001e9be760,  free space=1017k
Native frames: (J=compiled Java code, j=interpreted, Vv=VM code, C=native code)
C  0x0000000002d4d4c6


---------------  P R O C E S S  ---------------

Java Threads: ( => current thread )
=>0x000000001dd4c000 JavaThread "pool-2-thread-4" [_thread_in_Java, id=4224, stack(0x000000001e8c0000,0x000000001e9c0000)]
  0x000000001dd4a800 JavaThread "pool-2-thread-3" [_thread_blocked, id=6292, stack(0x000000001e6b0000,0x000000001e7b0000)]
  0x000000001dd3d000 JavaThread "pool-2-thread-2" [_thread_blocked, id=2844, stack(0x000000001e500000,0x000000001e600000)]
  0x000000001dcbd000 JavaThread "pool-3-thread-1" [_thread_blocked, id=2936, stack(0x000000001e3b0000,0x000000001e4b0000)]
  0x000000001dcb9800 JavaThread "pool-2-thread-1" [_thread_blocked, id=500, stack(0x000000001e180000,0x000000001e280000)]
  0x000000001daa6800 JavaThread "Service Thread" daemon [_thread_blocked, id=6780, stack(0x000000001deb0000,0x000000001dfb0000)]
  0x000000001c1ec800 JavaThread "C1 CompilerThread2" daemon [_thread_blocked, id=6320, stack(0x000000001d230000,0x000000001d330000)]
  0x000000001c1eb800 JavaThread "C2 CompilerThread1" daemon [_thread_in_native, id=5720, stack(0x000000001d940000,0x000000001da40000)]
  0x000000001c1e9800 JavaThread "C2 CompilerThread0" daemon [_thread_in_native, id=7080, stack(0x000000001d830000,0x000000001d930000)]
  0x000000001c1e3000 JavaThread "Attach Listener" daemon [_thread_blocked, id=6436, stack(0x000000001d670000,0x000000001d770000)]
  0x000000001c1e1800 JavaThread "Signal Dispatcher" daemon [_thread_blocked, id=6888, stack(0x000000001d500000,0x000000001d600000)]
  0x000000001c1c5000 JavaThread "Finalizer" daemon [_thread_blocked, id=5132, stack(0x000000001d350000,0x000000001d450000)]
  0x000000001c183800 JavaThread "Reference Handler" daemon [_thread_blocked, id=1416, stack(0x00000000129f0000,0x0000000012af0000)]
  0x000000000220e800 JavaThread "main" [_thread_blocked, id=3584, stack(0x00000000024f0000,0x00000000025f0000)]

Other Threads:
  0x000000001c17c000 VMThread [stack: 0x000000001d0d0000,0x000000001d1d0000] [id=3084]
  0x000000001dadf000 WatcherThread [stack: 0x000000001e060000,0x000000001e160000] [id=6904]

VM state:not at safepoint (normal execution)

VM Mutex/Monitor currently owned by a thread: None

Heap:
 PSYoungGen      total 138240K, used 119758K [0x000000076ab00000, 0x0000000773700000, 0x00000007c0000000)
  eden space 133120K, 86% used [0x000000076ab00000,0x0000000771afb9d8,0x0000000772d00000)
  from space 5120K, 99% used [0x0000000773200000,0x00000007736f8018,0x0000000773700000)
  to   space 5120K, 0% used [0x0000000772d00000,0x0000000772d00000,0x0000000773200000)
 ParOldGen       total 87552K, used 26212K [0x00000006c0000000, 0x00000006c5580000, 0x000000076ab00000)
  object space 87552K, 29% used [0x00000006c0000000,0x00000006c1999098,0x00000006c5580000)
 Metaspace       used 6268K, capacity 7152K, committed 7296K, reserved 1056768K
  class space    used 594K, capacity 616K, committed 640K, reserved 1048576K

Card table byte_map: [0x0000000011c80000,0x0000000012490000] byte_map_base: 0x000000000e680000

Marking Bits: (ParMarkBitMap*) 0x000000005b45a6d0
 Begin Bits: [0x0000000012ff0000, 0x0000000016ff0000)
 End Bits:   [0x0000000016ff0000, 0x000000001aff0000)

Polling page: 0x0000000000430000

CodeCache: size=245760Kb used=10010Kb max_used=10010Kb free=235749Kb
 bounds [0x00000000028c0000, 0x00000000032a0000, 0x00000000118c0000]
 total_blobs=2278 nmethods=2009 adapters=181
 compilation: enabled

Compilation events (10 events):
Event: 28.411 Thread 0x000000001c1ec800 2017       2       sun.util.calendar.CalendarDate::setDaylightSaving (6 bytes)
Event: 28.411 Thread 0x000000001c1ec800 nmethod 2017 0x00000000032100d0 code [0x0000000003210220, 0x0000000003210370]
Event: 28.411 Thread 0x000000001c1ec800 2018       2       sun.util.calendar.BaseCalendar::getCalendarDateFromFixedDate (305 bytes)
Event: 28.413 Thread 0x000000001c1ec800 nmethod 2018 0x000000000320f010 code [0x000000000320f1c0, 0x000000000320f948]
Event: 28.413 Thread 0x000000001c1ec800 2019       2       sun.util.calendar.AbstractCalendar::setTimeOfDay (116 bytes)
Event: 28.414 Thread 0x000000001c1ec800 nmethod 2019 0x000000000320e890 code [0x000000000320ea00, 0x000000000320ed68]
Event: 28.414 Thread 0x000000001c1ec800 2020       2       sun.util.calendar.BaseCalendar::isLeapYear (12 bytes)
Event: 28.414 Thread 0x000000001c1ec800 nmethod 2020 0x000000000320e350 code [0x000000000320e4c0, 0x000000000320e728]
Event: 28.414 Thread 0x000000001c1ec800 2021       2       com.android.dx.command.dexer.Main$FileBytesConsumer::processFileBytes (8 bytes)
Event: 28.414 Thread 0x000000001c1ec800 nmethod 2021 0x000000000321db10 code [0x000000000321dc80, 0x000000000321de08]

GC Heap History (8 events):
Event: 2.172 GC heap before
{Heap before GC invocations=1 (full 0):
 PSYoungGen      total 38400K, used 33280K [0x000000076ab00000, 0x000000076d580000, 0x00000007c0000000)
  eden space 33280K, 100% used [0x000000076ab00000,0x000000076cb80000,0x000000076cb80000)
  from space 5120K, 0% used [0x000000076d080000,0x000000076d080000,0x000000076d580000)
  to   space 5120K, 0% used [0x000000076cb80000,0x000000076cb80000,0x000000076d080000)
 ParOldGen       total 87552K, used 0K [0x00000006c0000000, 0x00000006c5580000, 0x000000076ab00000)
  object space 87552K, 0% used [0x00000006c0000000,0x00000006c0000000,0x00000006c5580000)
 Metaspace       used 5890K, capacity 6896K, committed 7040K, reserved 1056768K
  class space    used 591K, capacity 616K, committed 640K, reserved 1048576K
Event: 2.372 GC heap after
Heap after GC invocations=1 (full 0):
 PSYoungGen      total 38400K, used 5111K [0x000000076ab00000, 0x000000076f600000, 0x00000007c0000000)
  eden space 33280K, 0% used [0x000000076ab00000,0x000000076ab00000,0x000000076cb80000)
  from space 5120K, 99% used [0x000000076cb80000,0x000000076d07dca8,0x000000076d080000)
  to   space 5120K, 0% used [0x000000076f100000,0x000000076f100000,0x000000076f600000)
 ParOldGen       total 87552K, used 1510K [0x00000006c0000000, 0x00000006c5580000, 0x000000076ab00000)
  object space 87552K, 1% used [0x00000006c0000000,0x00000006c01798e8,0x00000006c5580000)
 Metaspace       used 5890K, capacity 6896K, committed 7040K, reserved 1056768K
  class space    used 591K, capacity 616K, committed 640K, reserved 1048576K
}
Event: 5.897 GC heap before
{Heap before GC invocations=2 (full 0):
 PSYoungGen      total 38400K, used 38391K [0x000000076ab00000, 0x000000076f600000, 0x00000007c0000000)
  eden space 33280K, 100% used [0x000000076ab00000,0x000000076cb80000,0x000000076cb80000)
  from space 5120K, 99% used [0x000000076cb80000,0x000000076d07dca8,0x000000076d080000)
  to   space 5120K, 0% used [0x000000076f100000,0x000000076f100000,0x000000076f600000)
 ParOldGen       total 87552K, used 1510K [0x00000006c0000000, 0x00000006c5580000, 0x000000076ab00000)
  object space 87552K, 1% used [0x00000006c0000000,0x00000006c01798e8,0x00000006c5580000)
 Metaspace       used 6078K, capacity 7088K, committed 7296K, reserved 1056768K
  class space    used 592K, capacity 616K, committed 640K, reserved 1048576K
Event: 6.657 GC heap after
Heap after GC invocations=2 (full 0):
 PSYoungGen      total 71680K, used 5111K [0x000000076ab00000, 0x000000076f600000, 0x00000007c0000000)
  eden space 66560K, 0% used [0x000000076ab00000,0x000000076ab00000,0x000000076ec00000)
  from space 5120K, 99% used [0x000000076f100000,0x000000076f5fdc88,0x000000076f600000)
  to   space 5120K, 0% used [0x000000076ec00000,0x000000076ec00000,0x000000076f100000)
 ParOldGen       total 87552K, used 6101K [0x00000006c0000000, 0x00000006c5580000, 0x000000076ab00000)
  object space 87552K, 6% used [0x00000006c0000000,0x00000006c05f57c8,0x00000006c5580000)
 Metaspace       used 6078K, capacity 7088K, committed 7296K, reserved 1056768K
  class space    used 592K, capacity 616K, committed 640K, reserved 1048576K
}
Event: 17.775 GC heap before
{Heap before GC invocations=3 (full 0):
 PSYoungGen      total 71680K, used 71671K [0x000000076ab00000, 0x000000076f600000, 0x00000007c0000000)
  eden space 66560K, 100% used [0x000000076ab00000,0x000000076ec00000,0x000000076ec00000)
  from space 5120K, 99% used [0x000000076f100000,0x000000076f5fdc88,0x000000076f600000)
  to   space 5120K, 0% used [0x000000076ec00000,0x000000076ec00000,0x000000076f100000)
 ParOldGen       total 87552K, used 6101K [0x00000006c0000000, 0x00000006c5580000, 0x000000076ab00000)
  object space 87552K, 6% used [0x00000006c0000000,0x00000006c05f57c8,0x00000006c5580000)
 Metaspace       used 6170K, capacity 7088K, committed 7296K, reserved 1056768K
  class space    used 593K, capacity 616K, committed 640K, reserved 1048576K
Event: 20.409 GC heap after
Heap after GC invocations=3 (full 0):
 PSYoungGen      total 71680K, used 5088K [0x000000076ab00000, 0x0000000773700000, 0x00000007c0000000)
  eden space 66560K, 0% used [0x000000076ab00000,0x000000076ab00000,0x000000076ec00000)
  from space 5120K, 99% used [0x000000076ec00000,0x000000076f0f8018,0x000000076f100000)
  to   space 5120K, 0% used [0x0000000773200000,0x0000000773200000,0x0000000773700000)
 ParOldGen       total 87552K, used 15845K [0x00000006c0000000, 0x00000006c5580000, 0x000000076ab00000)
  object space 87552K, 18% used [0x00000006c0000000,0x00000006c0f79508,0x00000006c5580000)
 Metaspace       used 6170K, capacity 7088K, committed 7296K, reserved 1056768K
  class space    used 593K, capacity 616K, committed 640K, reserved 1048576K
}
Event: 26.328 GC heap before
{Heap before GC invocations=4 (full 0):
 PSYoungGen      total 71680K, used 71648K [0x000000076ab00000, 0x0000000773700000, 0x00000007c0000000)
  eden space 66560K, 100% used [0x000000076ab00000,0x000000076ec00000,0x000000076ec00000)
  from space 5120K, 99% used [0x000000076ec00000,0x000000076f0f8018,0x000000076f100000)
  to   space 5120K, 0% used [0x0000000773200000,0x0000000773200000,0x0000000773700000)
 ParOldGen       total 87552K, used 15845K [0x00000006c0000000, 0x00000006c5580000, 0x000000076ab00000)
  object space 87552K, 18% used [0x00000006c0000000,0x00000006c0f79508,0x00000006c5580000)
 Metaspace       used 6230K, capacity 7152K, committed 7296K, reserved 1056768K
  class space    used 593K, capacity 616K, committed 640K, reserved 1048576K
Event: 28.299 GC heap after
Heap after GC invocations=4 (full 0):
 PSYoungGen      total 138240K, used 5088K [0x000000076ab00000, 0x0000000773700000, 0x00000007c0000000)
  eden space 133120K, 0% used [0x000000076ab00000,0x000000076ab00000,0x0000000772d00000)
  from space 5120K, 99% used [0x0000000773200000,0x00000007736f8018,0x0000000773700000)
  to   space 5120K, 0% used [0x0000000772d00000,0x0000000772d00000,0x0000000773200000)
 ParOldGen       total 87552K, used 26212K [0x00000006c0000000, 0x00000006c5580000, 0x000000076ab00000)
  object space 87552K, 29% used [0x00000006c0000000,0x00000006c1999098,0x00000006c5580000)
 Metaspace       used 6230K, capacity 7152K, committed 7296K, reserved 1056768K
  class space    used 593K, capacity 616K, committed 640K, reserved 1048576K
}

Deoptimization events (10 events):
Event: 9.195 Thread 0x000000001dd4c000 Uncommon trap: reason=unstable_if action=reinterpret pc=0x0000000002fadee4 method=com.android.dx.ssa.LiteralOpUpgrader$1.visitNonMoveInsn(Lcom/android/dx/ssa/NormalSsaInsn;)V @ 24
Event: 22.315 Thread 0x000000001dd4c000 Uncommon trap: reason=unstable_if action=reinterpret pc=0x0000000002e845d8 method=com.android.dx.ssa.MoveParamCombiner$1.visitNonMoveInsn(Lcom/android/dx/ssa/NormalSsaInsn;)V @ 27
Event: 22.594 Thread 0x000000001dd4c000 Uncommon trap: reason=bimorphic action=maybe_recompile pc=0x00000000030c0450 method=com.android.dx.cf.code.BytecodeArray.parseInstruction(ILcom/android/dx/cf/code/BytecodeArray$Visitor;)I @ 1501
Event: 22.595 Thread 0x000000001dd4c000 Uncommon trap: reason=bimorphic action=maybe_recompile pc=0x00000000030c0450 method=com.android.dx.cf.code.BytecodeArray.parseInstruction(ILcom/android/dx/cf/code/BytecodeArray$Visitor;)I @ 1501
Event: 22.597 Thread 0x000000001dd4c000 Uncommon trap: reason=bimorphic action=maybe_recompile pc=0x0000000002f142d0 method=com.android.dx.cf.code.RopperMachine.run(Lcom/android/dx/cf/code/Frame;II)V @ 988
Event: 22.762 Thread 0x000000001dd4c000 Uncommon trap: reason=bimorphic action=maybe_recompile pc=0x00000000030c0450 method=com.android.dx.cf.code.BytecodeArray.parseInstruction(ILcom/android/dx/cf/code/BytecodeArray$Visitor;)I @ 1501
Event: 22.763 Thread 0x000000001dd4c000 Uncommon trap: reason=bimorphic action=maybe_recompile pc=0x00000000030c0450 method=com.android.dx.cf.code.BytecodeArray.parseInstruction(ILcom/android/dx/cf/code/BytecodeArray$Visitor;)I @ 1501
Event: 25.971 Thread 0x000000001dd3d000 Uncommon trap: reason=bimorphic action=maybe_recompile pc=0x000000000314dac4 method=com.android.dx.cf.code.BytecodeArray.parseInstruction(ILcom/android/dx/cf/code/BytecodeArray$Visitor;)I @ 907
Event: 25.974 Thread 0x000000001dd3d000 Uncommon trap: reason=bimorphic action=maybe_recompile pc=0x000000000314dac4 method=com.android.dx.cf.code.BytecodeArray.parseInstruction(ILcom/android/dx/cf/code/BytecodeArray$Visitor;)I @ 907
Event: 26.129 Thread 0x000000001dcb9800 Uncommon trap: reason=unstable_if action=reinterpret pc=0x00000000030ad968 method=com.android.dx.ssa.PhiTypeResolver.resolveResultType(Lcom/android/dx/ssa/PhiInsn;)Z @ 64

Internal exceptions (4 events):
Event: 0.159 Thread 0x000000000220e800 Exception <a 'java/lang/NoSuchMethodError': Method sun.misc.Unsafe.defineClass(Ljava/lang/String;[BII)Ljava/lang/Class; name or signature does not match> (0x000000076ab07cc0) thrown at [C:\re\workspace\8-2-build-windows-amd64-cygwin\jdk8u101\7261\hotspot\shà°žWÄ?
Event: 0.159 Thread 0x000000000220e800 Exception <a 'java/lang/NoSuchMethodError': Method sun.misc.Unsafe.prefetchRead(Ljava/lang/Object;J)V name or signature does not match> (0x000000076ab07fa8) thrown at [C:\re\workspace\8-2-build-windows-amd64-cygwin\jdk8u101\7261\hotspot\src\share\vm\prims\fIÜWÿ?
Event: 1.959 Thread 0x000000001dcb9800 Implicit null exception at 0x0000000002b24762 to 0x0000000002b2485a
Event: 26.129 Thread 0x000000001dcb9800 Implicit null exception at 0x00000000030abf8a to 0x00000000030ad91e

Events (10 events):
Event: 28.300 Executing VM operation: ParallelGCFailedAllocation done
Event: 28.316 Thread 0x000000001c1e9800 flushing nmethod 0x00000000029bf8d0
Event: 28.316 Thread 0x000000001c1e9800 flushing nmethod 0x00000000029c2410
Event: 28.316 Thread 0x000000001c1e9800 flushing nmethod 0x00000000029c2e50
Event: 28.316 Thread 0x000000001c1e9800 flushing nmethod 0x00000000029cca90
Event: 28.316 Thread 0x000000001c1e9800 flushing nmethod 0x00000000029cce10
Event: 28.316 Thread 0x000000001c1e9800 flushing nmethod 0x00000000029cd1d0
Event: 28.316 Thread 0x000000001c1e9800 flushing nmethod 0x00000000029d2c50
Event: 28.335 Thread 0x000000001dd3d000 DEOPT PACKING pc=0x0000000002d33e48 sp=0x000000001e5fe8f0
Event: 28.335 Thread 0x000000001dd3d000 DEOPT UNPACKING pc=0x000000000290787f sp=0x000000001e5fe680 mode 0


Dynamic libraries:
0x000000013f320000 - 0x000000013f357000 	C:\Program Files\Java\jdk1.8.0_101\bin\java.exe
0x0000000077c80000 - 0x0000000077e29000 	C:\Windows\SYSTEM32\ntdll.dll
0x0000000077b60000 - 0x0000000077c7f000 	C:\Windows\system32\kernel32.dll
0x000007fefdb90000 - 0x000007fefdbfb000 	C:\Windows\system32\KERNELBASE.dll
0x000007feffeb0000 - 0x000007fefff8b000 	C:\Windows\system32\ADVAPI32.dll
0x000007fefebc0000 - 0x000007fefec5f000 	C:\Windows\system32\msvcrt.dll
0x000007feffe90000 - 0x000007feffeaf000 	C:\Windows\SYSTEM32\sechost.dll
0x000007fefde60000 - 0x000007fefdf8d000 	C:\Windows\system32\RPCRT4.dll
0x0000000077a60000 - 0x0000000077b5a000 	C:\Windows\system32\USER32.dll
0x000007feffe20000 - 0x000007feffe87000 	C:\Windows\system32\GDI32.dll
0x000007fefe1f0000 - 0x000007fefe1fe000 	C:\Windows\system32\LPK.dll
0x000007fefe200000 - 0x000007fefe2c9000 	C:\Windows\system32\USP10.dll
0x000007fefc4d0000 - 0x000007fefc6c4000 	C:\Windows\WinSxS\amd64_microsoft.windows.common-controls_6595b64144ccf1df_6.0.7601.17514_none_fa396087175ac9ac\COMCTL32.dll
0x000007fefe350000 - 0x000007fefe3c1000 	C:\Windows\system32\SHLWAPI.dll
0x000007fefefb0000 - 0x000007fefefde000 	C:\Windows\system32\IMM32.DLL
0x000007fefe0c0000 - 0x000007fefe1c9000 	C:\Windows\system32\MSCTF.dll
0x000000005bd90000 - 0x000000005be62000 	C:\Program Files\Java\jdk1.8.0_101\jre\bin\msvcr100.dll
0x000000005ac40000 - 0x000000005b4da000 	C:\Program Files\Java\jdk1.8.0_101\jre\bin\server\jvm.dll
0x000007fef8270000 - 0x000007fef8279000 	C:\Windows\system32\WSOCK32.dll
0x000007fefdf90000 - 0x000007fefdfdd000 	C:\Windows\system32\WS2_32.dll
0x000007feffe10000 - 0x000007feffe18000 	C:\Windows\system32\NSI.dll
0x000007fef9c10000 - 0x000007fef9c4b000 	C:\Windows\system32\WINMM.dll
0x000007fefcb90000 - 0x000007fefcb9c000 	C:\Windows\system32\VERSION.dll
0x0000000077e40000 - 0x0000000077e47000 	C:\Windows\system32\PSAPI.DLL
0x0000000066490000 - 0x000000006649f000 	C:\Program Files\Java\jdk1.8.0_101\jre\bin\verify.dll
0x0000000064d40000 - 0x0000000064d69000 	C:\Program Files\Java\jdk1.8.0_101\jre\bin\java.dll
0x0000000064d20000 - 0x0000000064d36000 	C:\Program Files\Java\jdk1.8.0_101\jre\bin\zip.dll
0x000007fefefe0000 - 0x000007feffd68000 	C:\Windows\system32\SHELL32.dll
0x000007fefe530000 - 0x000007fefe733000 	C:\Windows\system32\ole32.dll
0x000007fefda30000 - 0x000007fefda3f000 	C:\Windows\system32\profapi.dll
0x000007fef64d0000 - 0x000007fef65f5000 	C:\Windows\system32\dbghelp.dll

VM Arguments:
jvm_args: -Djava.awt.headless=true -Xmx4g -Dfile.encoding=windows-1252 -Duser.country=US -Duser.language=en -Duser.variant 
java_command: com.android.dx.command.Main --dex --force-jumbo --num-threads=4 --multi-dex --output E:\DMSLite\app\build\intermediates\transforms\dex\debug\folders\1000\10\com.google.android.gms-play-services-basement-9.2.1_984afdf14927de417bc855b2bf45f04653fc6974 E:\DMSLite\app\build\intermediates\exploded-aar\com.google.android.gms\play-services-basement\9.2.1\jars\classes.jar
java_class_path (initial): C:\Users\Administrator\AppData\Local\Android\Sdk\build-tools\23.0.1\lib\dx.jar
Launcher Type: SUN_STANDARD

Environment Variables:
PATH=C:\ProgramData\Oracle\Java\javapath;C:\Program Files (x86)\Intel\iCLS Client\;C:\Program Files\Intel\iCLS Client\;C:\Windows\system32;C:\Windows;C:\Windows\System32\Wbem;C:\Windows\System32\WindowsPowerShell\v1.0\;C:\Program Files (x86)\Intel\OpenCL SDK\2.0\bin\x86;C:\Program Files (x86)\Intel\OpenCL SDK\2.0\bin\x64;C:\Program Files\Intel\Intel(R) Management Engine Components\DAL;C:\Program Files\Intel\Intel(R) Management Engine Components\IPT;C:\Program Files (x86)\Intel\Intel(R) Management Engine Components\DAL;C:\Program Files (x86)\Intel\Intel(R) Management Engine Components\IPT;C:\Program Files\TortoiseSVN\bin;C:\Program Files (x86)\Skype\Phone\;C:\Program Files\Microsoft SQL Server\Client SDK\ODBC\110\Tools\Binn\;C:\Program Files (x86)\Microsoft SQL Server\120\Tools\Binn\ManagementStudio\;C:\Program Files (x86)\Microsoft SQL Server\120\Tools\Binn\;C:\Program Files\Microsoft SQL Server\120\Tools\Binn\;C:\Program Files (x86)\Microsoft SQL Server\120\DTS\Binn\;C:\Program Files (x86)\Windows Kits\8.1\Windows Performance Toolkit\;C:\Program Files\Microsoft SQL Server\110\Tools\Binn\
USERNAME=Administrator
OS=Windows_NT
PROCESSOR_IDENTIFIER=Intel64 Family 6 Model 58 Stepping 9, GenuineIntel



---------------  S Y S T E M  ---------------

OS: Windows 7 , 64 bit Build 7601 (6.1.7601.18015)

CPU:total 4 (2 cores per cpu, 2 threads per core) family 6 model 58 stepping 9, cmov, cx8, fxsr, mmx, sse, sse2, sse3, ssse3, sse4.1, sse4.2, popcnt, avx, aes, clmul, erms, ht, tsc, tscinvbit, tscinv

Memory: 4k page, physical 8278380k(761548k free), swap 16554916k(6771492k free)

vm_info: Java HotSpot(TM) 64-Bit Server VM (25.101-b13) for windows-amd64 JRE (1.8.0_101-b13), built on Jun 22 2016 01:21:29 by "java_re" with MS VC++ 10.0 (VS2010)

time: Thu Sep 01 08:37:47 2016
elapsed time: 29 seconds (0d 0h 0m 29s)

