#
# A fatal error has been detected by the Java Runtime Environment:
#
#  EXCEPTION_ACCESS_VIOLATION (0xc0000005) at pc=0x0000000002e833e0, pid=4328, tid=0x0000000000001a40
#
# JRE version: Java(TM) SE Runtime Environment (8.0_101-b13) (build 1.8.0_101-b13)
# Java VM: Java HotSpot(TM) 64-Bit Server VM (25.101-b13 mixed mode windows-amd64 compressed oops)
# Problematic frame:
# J 1814 C1 com.android.dx.dex.code.OutputFinisher.align64bits([Lcom/android/dx/dex/code/Dop;)V (247 bytes) @ 0x0000000002e833e0 [0x0000000002e82e60+0x580]
#
# Failed to write core dump. Minidumps are not enabled by default on client versions of Windows
#
# If you would like to submit a bug report, please visit:
#   http://bugreport.java.com/bugreport/crash.jsp
#

---------------  T H R E A D  ---------------

Current thread (0x000000001ddfc800):  JavaThread "pool-1-thread-1" [_thread_in_Java, id=6720, stack(0x000000001e200000,0x000000001e300000)]

siginfo: ExceptionCode=0xc0000005, reading address 0x0000000680000208

Registers:
RAX=0x000000076f46a0a8, RBX=0x0000000000000000, RCX=0x0000000000000000, RDX=0x00000007c008cfa8
RSP=0x000000001e2feca0, RBP=0x000000001e2fedc8, RSI=0x0000000680000208, RDI=0x00000007c008cfa8
R8 =0x000000076f46a0a8, R9 =0x0000000000000000, R10=0x00000000ede8d415, R11=0x00000000ede8c746
R12=0x0000000000000000, R13=0x000000001bd3c1d8, R14=0x000000001e2fec98, R15=0x000000001ddfc800
RIP=0x0000000002e833e0, EFLAGS=0x0000000000010202

Top of Stack: (sp=0x000000001e2feca0)
0x000000001e2feca0:   000000001e2fee80 0000000002e6dcbc
0x000000001e2fecb0:   0000000000000000 000000000281c539
0x000000001e2fecc0:   000000001e2fed30 0000000002717da0
0x000000001e2fecd0:   000000001ddfc800 0000000002717da0
0x000000001e2fece0:   000000076be57468 000000076f463a08
0x000000001e2fecf0:   000000001e2fecf0 000000001bc4f8ec
0x000000001e2fed00:   000000001e2fed80 000000001bc50e08
0x000000001e2fed10:   000000001bd3d5a8 000000076be58558
0x000000001e2fed20:   0000000000000000 0000000000000010
0x000000001e2fed30:   000000010000000c 000000076f463a08
0x000000001e2fed40:   000000076be57468 0000000680000208
0x000000001e2fed50:   000000076f1a5448 0000000000000000
0x000000001e2fed60:   000000001e2fedc8 000000000271835d
0x000000001e2fed70:   000000000271835d 000000076be57468
0x000000001e2fed80:   000000076f463a08 000000001e2fed88
0x000000001e2fed90:   000000001bc4f6d8 000000001e2fede0 

Instructions: (pc=0x0000000002e833e0)
0x0000000002e833c0:   00 00 48 83 86 e8 01 00 00 01 41 8b 70 18 48 c1
0x0000000002e833d0:   e6 03 48 89 b4 24 a8 00 00 00 41 b9 00 00 00 00
0x0000000002e833e0:   48 3b 06 4c 8b c6 48 ba d8 c1 d3 1b 00 00 00 00
0x0000000002e833f0:   45 8b 40 08 49 c1 e0 03 4c 3b 82 20 02 00 00 75 


Register to memory mapping:

RAX=0x000000076f46a0a8 is an oop
com.android.dx.dex.code.LocalSnapshot 
 - klass: 'com/android/dx/dex/code/LocalSnapshot'
RBX=0x0000000000000000 is an unknown value
RCX=0x0000000000000000 is an unknown value
RDX=0x00000007c008cfa8 is pointing into metadata
RSP=0x000000001e2feca0 is pointing into the stack for thread: 0x000000001ddfc800
RBP=0x000000001e2fedc8 is pointing into the stack for thread: 0x000000001ddfc800
RSI=0x0000000680000208 is an unknown value
RDI=0x00000007c008cfa8 is pointing into metadata
R8 =0x000000076f46a0a8 is an oop
com.android.dx.dex.code.LocalSnapshot 
 - klass: 'com/android/dx/dex/code/LocalSnapshot'
R9 =0x0000000000000000 is an unknown value
R10=0x00000000ede8d415 is an unknown value
R11=0x00000000ede8c746 is an unknown value
R12=0x0000000000000000 is an unknown value
R13=0x000000001bd3c1d8 is pointing into metadata
R14=0x000000001e2fec98 is pointing into the stack for thread: 0x000000001ddfc800
R15=0x000000001ddfc800 is a thread


Stack: [0x000000001e200000,0x000000001e300000],  sp=0x000000001e2feca0,  free space=1019k
Native frames: (J=compiled Java code, j=interpreted, Vv=VM code, C=native code)
C  0x0000000002e833e0


---------------  P R O C E S S  ---------------

Java Threads: ( => current thread )
=>0x000000001ddfc800 JavaThread "pool-1-thread-1" [_thread_in_Java, id=6720, stack(0x000000001e200000,0x000000001e300000)]
  0x000000001dbd3000 JavaThread "Service Thread" daemon [_thread_blocked, id=6708, stack(0x000000001e080000,0x000000001e180000)]
  0x000000001c0c5000 JavaThread "C1 CompilerThread2" daemon [_thread_blocked, id=6080, stack(0x000000001cec0000,0x000000001cfc0000)]
  0x000000001c0c4000 JavaThread "C2 CompilerThread1" daemon [_thread_blocked, id=6652, stack(0x000000001daa0000,0x000000001dba0000)]
  0x000000001c0c2000 JavaThread "C2 CompilerThread0" daemon [_thread_in_native, id=5100, stack(0x000000001d870000,0x000000001d970000)]
  0x000000001c0cf000 JavaThread "Attach Listener" daemon [_thread_blocked, id=3036, stack(0x000000001d660000,0x000000001d760000)]
  0x000000001c0cd800 JavaThread "Signal Dispatcher" daemon [_thread_blocked, id=5756, stack(0x000000001d560000,0x000000001d660000)]
  0x000000001c0a5000 JavaThread "Finalizer" daemon [_thread_blocked, id=6948, stack(0x000000001d330000,0x000000001d430000)]
  0x000000001c063800 JavaThread "Reference Handler" daemon [_thread_blocked, id=4860, stack(0x000000001d160000,0x000000001d260000)]
  0x00000000020ae800 JavaThread "main" [_thread_blocked, id=6724, stack(0x0000000002340000,0x0000000002440000)]

Other Threads:
  0x000000001c05c000 VMThread [stack: 0x000000001cfd0000,0x000000001d0d0000] [id=6856]
  0x000000001dc2d800 WatcherThread [stack: 0x000000001d980000,0x000000001da80000] [id=6208]

VM state:not at safepoint (normal execution)

VM Mutex/Monitor currently owned by a thread: None

Heap:
 PSYoungGen      total 71680K, used 25033K [0x000000076ab00000, 0x000000076f600000, 0x00000007c0000000)
  eden space 66560K, 29% used [0x000000076ab00000,0x000000076be7a4e0,0x000000076ec00000)
  from space 5120K, 99% used [0x000000076f100000,0x000000076f5f8160,0x000000076f600000)
  to   space 5120K, 0% used [0x000000076ec00000,0x000000076ec00000,0x000000076f100000)
 ParOldGen       total 87552K, used 6403K [0x00000006c0000000, 0x00000006c5580000, 0x000000076ab00000)
  object space 87552K, 7% used [0x00000006c0000000,0x00000006c0640d68,0x00000006c5580000)
 Metaspace       used 6327K, capacity 7280K, committed 7552K, reserved 1056768K
  class space    used 613K, capacity 616K, committed 640K, reserved 1048576K

Card table byte_map: [0x0000000011ad0000,0x00000000122e0000] byte_map_base: 0x000000000e4d0000

Marking Bits: (ParMarkBitMap*) 0x000000005b45a6d0
 Begin Bits: [0x0000000012ed0000, 0x0000000016ed0000)
 End Bits:   [0x0000000016ed0000, 0x000000001aed0000)

Polling page: 0x0000000000350000

CodeCache: size=245760Kb used=7694Kb max_used=7702Kb free=238065Kb
 bounds [0x0000000002710000, 0x0000000002ea0000, 0x0000000011710000]
 total_blobs=2085 nmethods=1816 adapters=182
 compilation: enabled

Compilation events (10 events):
Event: 11.315 Thread 0x000000001c0c5000 nmethod 1824 0x0000000002e8c0d0 code [0x0000000002e8c2c0, 0x0000000002e8cd98]
Event: 11.315 Thread 0x000000001c0c5000 1823       3       java.util.ComparableTimSort::countRunAndMakeAscending (123 bytes)
Event: 11.316 Thread 0x000000001c0c5000 nmethod 1823 0x0000000002e8d210 code [0x0000000002e8d420, 0x0000000002e8e208]
Event: 11.316 Thread 0x000000001c0c5000 1825       3       java.net.URL::toString (5 bytes)
Event: 11.316 Thread 0x000000001c0c5000 nmethod 1825 0x0000000002e8e750 code [0x0000000002e8e8c0, 0x0000000002e8eba8]
Event: 11.316 Thread 0x000000001c0c5000 1826       3       java.net.URL::toExternalForm (9 bytes)
Event: 11.316 Thread 0x000000001c0c5000 nmethod 1826 0x0000000002e8ec90 code [0x0000000002e8ee00, 0x0000000002e8f028]
Event: 11.316 Thread 0x000000001c0c5000 1827       3       java.net.URLStreamHandler::toExternalForm (219 bytes)
Event: 11.319 Thread 0x000000001c0c5000 nmethod 1827 0x0000000002e8f0d0 code [0x0000000002e8f400, 0x0000000002e927f8]
Event: 11.319 Thread 0x000000001c0c5000 1829       3       com.android.dx.dex.code.PositionList::make (224 bytes)

GC Heap History (4 events):
Event: 3.850 GC heap before
{Heap before GC invocations=1 (full 0):
 PSYoungGen      total 38400K, used 33280K [0x000000076ab00000, 0x000000076d580000, 0x00000007c0000000)
  eden space 33280K, 100% used [0x000000076ab00000,0x000000076cb80000,0x000000076cb80000)
  from space 5120K, 0% used [0x000000076d080000,0x000000076d080000,0x000000076d580000)
  to   space 5120K, 0% used [0x000000076cb80000,0x000000076cb80000,0x000000076d080000)
 ParOldGen       total 87552K, used 0K [0x00000006c0000000, 0x00000006c5580000, 0x000000076ab00000)
  object space 87552K, 0% used [0x00000006c0000000,0x00000006c0000000,0x00000006c5580000)
 Metaspace       used 5927K, capacity 6960K, committed 7040K, reserved 1056768K
  class space    used 595K, capacity 616K, committed 640K, reserved 1048576K
Event: 4.369 GC heap after
Heap after GC invocations=1 (full 0):
 PSYoungGen      total 38400K, used 5111K [0x000000076ab00000, 0x000000076f600000, 0x00000007c0000000)
  eden space 33280K, 0% used [0x000000076ab00000,0x000000076ab00000,0x000000076cb80000)
  from space 5120K, 99% used [0x000000076cb80000,0x000000076d07dc88,0x000000076d080000)
  to   space 5120K, 0% used [0x000000076f100000,0x000000076f100000,0x000000076f600000)
 ParOldGen       total 87552K, used 1610K [0x00000006c0000000, 0x00000006c5580000, 0x000000076ab00000)
  object space 87552K, 1% used [0x00000006c0000000,0x00000006c0192ac0,0x00000006c5580000)
 Metaspace       used 5927K, capacity 6960K, committed 7040K, reserved 1056768K
  class space    used 595K, capacity 616K, committed 640K, reserved 1048576K
}
Event: 7.560 GC heap before
{Heap before GC invocations=2 (full 0):
 PSYoungGen      total 38400K, used 38391K [0x000000076ab00000, 0x000000076f600000, 0x00000007c0000000)
  eden space 33280K, 100% used [0x000000076ab00000,0x000000076cb80000,0x000000076cb80000)
  from space 5120K, 99% used [0x000000076cb80000,0x000000076d07dc88,0x000000076d080000)
  to   space 5120K, 0% used [0x000000076f100000,0x000000076f100000,0x000000076f600000)
 ParOldGen       total 87552K, used 1610K [0x00000006c0000000, 0x00000006c5580000, 0x000000076ab00000)
  object space 87552K, 1% used [0x00000006c0000000,0x00000006c0192ac0,0x00000006c5580000)
 Metaspace       used 6054K, capacity 7088K, committed 7296K, reserved 1056768K
  class space    used 595K, capacity 616K, committed 640K, reserved 1048576K
Event: 7.979 GC heap after
Heap after GC invocations=2 (full 0):
 PSYoungGen      total 71680K, used 5088K [0x000000076ab00000, 0x000000076f600000, 0x00000007c0000000)
  eden space 66560K, 0% used [0x000000076ab00000,0x000000076ab00000,0x000000076ec00000)
  from space 5120K, 99% used [0x000000076f100000,0x000000076f5f8160,0x000000076f600000)
  to   space 5120K, 0% used [0x000000076ec00000,0x000000076ec00000,0x000000076f100000)
 ParOldGen       total 87552K, used 6403K [0x00000006c0000000, 0x00000006c5580000, 0x000000076ab00000)
  object space 87552K, 7% used [0x00000006c0000000,0x00000006c0640d68,0x00000006c5580000)
 Metaspace       used 6054K, capacity 7088K, committed 7296K, reserved 1056768K
  class space    used 595K, capacity 616K, committed 640K, reserved 1048576K
}

Deoptimization events (10 events):
Event: 10.932 Thread 0x000000001ddfc800 Uncommon trap: reason=bimorphic action=maybe_recompile pc=0x00000000029504b4 method=java.util.HashMap.getNode(ILjava/lang/Object;)Ljava/util/HashMap$Node; @ 126
Event: 10.933 Thread 0x000000001ddfc800 Uncommon trap: reason=bimorphic action=maybe_recompile pc=0x00000000029504b4 method=java.util.HashMap.getNode(ILjava/lang/Object;)Ljava/util/HashMap$Node; @ 126
Event: 10.934 Thread 0x000000001ddfc800 Uncommon trap: reason=class_check action=maybe_recompile pc=0x0000000002b26280 method=java.util.HashMap.putVal(ILjava/lang/Object;Ljava/lang/Object;ZZ)Ljava/lang/Object; @ 203
Event: 10.934 Thread 0x000000001ddfc800 Uncommon trap: reason=class_check action=maybe_recompile pc=0x0000000002b26280 method=java.util.HashMap.putVal(ILjava/lang/Object;Ljava/lang/Object;ZZ)Ljava/lang/Object; @ 203
Event: 10.934 Thread 0x000000001ddfc800 Uncommon trap: reason=class_check action=maybe_recompile pc=0x0000000002b26280 method=java.util.HashMap.putVal(ILjava/lang/Object;Ljava/lang/Object;ZZ)Ljava/lang/Object; @ 203
Event: 10.935 Thread 0x000000001ddfc800 Uncommon trap: reason=class_check action=maybe_recompile pc=0x0000000002b26280 method=java.util.HashMap.putVal(ILjava/lang/Object;Ljava/lang/Object;ZZ)Ljava/lang/Object; @ 203
Event: 10.953 Thread 0x000000001ddfc800 Uncommon trap: reason=bimorphic action=maybe_recompile pc=0x0000000002e34334 method=java.util.HashMap.putVal(ILjava/lang/Object;Ljava/lang/Object;ZZ)Ljava/lang/Object; @ 203
Event: 10.953 Thread 0x000000001ddfc800 Uncommon trap: reason=bimorphic action=maybe_recompile pc=0x0000000002e34334 method=java.util.HashMap.putVal(ILjava/lang/Object;Ljava/lang/Object;ZZ)Ljava/lang/Object; @ 203
Event: 10.953 Thread 0x000000001ddfc800 Uncommon trap: reason=bimorphic action=maybe_recompile pc=0x0000000002e34334 method=java.util.HashMap.putVal(ILjava/lang/Object;Ljava/lang/Object;ZZ)Ljava/lang/Object; @ 203
Event: 10.953 Thread 0x000000001ddfc800 Uncommon trap: reason=bimorphic action=maybe_recompile pc=0x0000000002e34334 method=java.util.HashMap.putVal(ILjava/lang/Object;Ljava/lang/Object;ZZ)Ljava/lang/Object; @ 203

Internal exceptions (5 events):
Event: 0.192 Thread 0x00000000020ae800 Exception <a 'java/lang/NoSuchMethodError': Method sun.misc.Unsafe.defineClass(Ljava/lang/String;[BII)Ljava/lang/Class; name or signature does not match> (0x000000076ab07cc0) thrown at [C:\re\workspace\8-2-build-windows-amd64-cygwin\jdk8u101\7261\hotspot\sôùﬁZ=â»?
Event: 0.192 Thread 0x00000000020ae800 Exception <a 'java/lang/NoSuchMethodError': Method sun.misc.Unsafe.prefetchRead(Ljava/lang/Object;J)V name or signature does not match> (0x000000076ab07fa8) thrown at [C:\re\workspace\8-2-build-windows-amd64-cygwin\jdk8u101\7261\hotspot\src\share\vm\prims\˛ÏöC@
Event: 3.013 Thread 0x000000001ddfc800 Implicit null exception at 0x00000000029fecf4 to 0x0000000002a004bd
Event: 3.013 Thread 0x000000001ddfc800 Implicit null exception at 0x00000000029f10bb to 0x00000000029f2691
Event: 4.905 Thread 0x000000001ddf8800 Implicit null exception at 0x0000000002bfcba2 to 0x0000000002bfcc9a

Events (10 events):
Event: 11.233 loading class com/android/dx/dex/code/CatchHandlerList
Event: 11.233 loading class com/android/dx/dex/code/CatchHandlerList done
Event: 11.233 loading class com/android/dx/dex/code/CatchTable
Event: 11.233 loading class com/android/dx/dex/code/CatchTable done
Event: 11.313 loading class com/android/dx/dex/code/CatchHandlerList$Entry
Event: 11.313 loading class com/android/dx/dex/code/CatchHandlerList$Entry done
Event: 11.314 loading class com/android/dx/dex/code/CatchTable$Entry
Event: 11.314 loading class com/android/dx/dex/code/CatchTable$Entry done
Event: 11.315 loading class com/android/dx/util/ByteArrayAnnotatedOutput
Event: 11.315 loading class com/android/dx/util/ByteArrayAnnotatedOutput done


Dynamic libraries:
0x000000013f320000 - 0x000000013f357000 	C:\Program Files\Java\jdk1.8.0_101\bin\java.exe
0x0000000077c80000 - 0x0000000077e29000 	C:\Windows\SYSTEM32\ntdll.dll
0x0000000077b60000 - 0x0000000077c7f000 	C:\Windows\system32\kernel32.dll
0x000007fefdb90000 - 0x000007fefdbfb000 	C:\Windows\system32\KERNELBASE.dll
0x000007feffeb0000 - 0x000007fefff8b000 	C:\Windows\system32\ADVAPI32.dll
0x000007fefebc0000 - 0x000007fefec5f000 	C:\Windows\system32\msvcrt.dll
0x000007feffe90000 - 0x000007feffeaf000 	C:\Windows\SYSTEM32\sechost.dll
0x000007fefde60000 - 0x000007fefdf8d000 	C:\Windows\system32\RPCRT4.dll
0x0000000077a60000 - 0x0000000077b5a000 	C:\Windows\system32\USER32.dll
0x000007feffe20000 - 0x000007feffe87000 	C:\Windows\system32\GDI32.dll
0x000007fefe1f0000 - 0x000007fefe1fe000 	C:\Windows\system32\LPK.dll
0x000007fefe200000 - 0x000007fefe2c9000 	C:\Windows\system32\USP10.dll
0x000007fefc4d0000 - 0x000007fefc6c4000 	C:\Windows\WinSxS\amd64_microsoft.windows.common-controls_6595b64144ccf1df_6.0.7601.17514_none_fa396087175ac9ac\COMCTL32.dll
0x000007fefe350000 - 0x000007fefe3c1000 	C:\Windows\system32\SHLWAPI.dll
0x000007fefefb0000 - 0x000007fefefde000 	C:\Windows\system32\IMM32.DLL
0x000007fefe0c0000 - 0x000007fefe1c9000 	C:\Windows\system32\MSCTF.dll
0x000000005bd90000 - 0x000000005be62000 	C:\Program Files\Java\jdk1.8.0_101\jre\bin\msvcr100.dll
0x000000005ac40000 - 0x000000005b4da000 	C:\Program Files\Java\jdk1.8.0_101\jre\bin\server\jvm.dll
0x000007fef8270000 - 0x000007fef8279000 	C:\Windows\system32\WSOCK32.dll
0x000007fefdf90000 - 0x000007fefdfdd000 	C:\Windows\system32\WS2_32.dll
0x000007feffe10000 - 0x000007feffe18000 	C:\Windows\system32\NSI.dll
0x000007fef9c10000 - 0x000007fef9c4b000 	C:\Windows\system32\WINMM.dll
0x000007fefcb90000 - 0x000007fefcb9c000 	C:\Windows\system32\VERSION.dll
0x0000000077e40000 - 0x0000000077e47000 	C:\Windows\system32\PSAPI.DLL
0x0000000066490000 - 0x000000006649f000 	C:\Program Files\Java\jdk1.8.0_101\jre\bin\verify.dll
0x0000000064d40000 - 0x0000000064d69000 	C:\Program Files\Java\jdk1.8.0_101\jre\bin\java.dll
0x0000000064d20000 - 0x0000000064d36000 	C:\Program Files\Java\jdk1.8.0_101\jre\bin\zip.dll
0x000007fefefe0000 - 0x000007feffd68000 	C:\Windows\system32\SHELL32.dll
0x000007fefe530000 - 0x000007fefe733000 	C:\Windows\system32\ole32.dll
0x000007fefda30000 - 0x000007fefda3f000 	C:\Windows\system32\profapi.dll
0x000007fef64d0000 - 0x000007fef65f5000 	C:\Windows\system32\dbghelp.dll

VM Arguments:
jvm_args: -Djava.awt.headless=true -Xmx4g -Dfile.encoding=windows-1252 -Duser.country=US -Duser.language=en -Duser.variant 
java_command: com.android.dx.command.Main --dex --force-jumbo --num-threads=4 --multi-dex --output E:\DMSLite\app\build\intermediates\transforms\dex\debug\folders\1000\10\com.android.support-mediarouter-v7-23.0.0_cefc91d9393b308288964ea222cbf6cc0c5ce434 E:\DMSLite\app\build\intermediates\exploded-aar\com.android.support\mediarouter-v7\23.0.0\jars\classes.jar
java_class_path (initial): C:\Users\Administrator\AppData\Local\Android\Sdk\build-tools\23.0.1\lib\dx.jar
Launcher Type: SUN_STANDARD

Environment Variables:
PATH=C:\ProgramData\Oracle\Java\javapath;C:\Program Files (x86)\Intel\iCLS Client\;C:\Program Files\Intel\iCLS Client\;C:\Windows\system32;C:\Windows;C:\Windows\System32\Wbem;C:\Windows\System32\WindowsPowerShell\v1.0\;C:\Program Files (x86)\Intel\OpenCL SDK\2.0\bin\x86;C:\Program Files (x86)\Intel\OpenCL SDK\2.0\bin\x64;C:\Program Files\Intel\Intel(R) Management Engine Components\DAL;C:\Program Files\Intel\Intel(R) Management Engine Components\IPT;C:\Program Files (x86)\Intel\Intel(R) Management Engine Components\DAL;C:\Program Files (x86)\Intel\Intel(R) Management Engine Components\IPT;C:\Program Files\TortoiseSVN\bin;C:\Program Files (x86)\Skype\Phone\;C:\Program Files\Microsoft SQL Server\Client SDK\ODBC\110\Tools\Binn\;C:\Program Files (x86)\Microsoft SQL Server\120\Tools\Binn\ManagementStudio\;C:\Program Files (x86)\Microsoft SQL Server\120\Tools\Binn\;C:\Program Files\Microsoft SQL Server\120\Tools\Binn\;C:\Program Files (x86)\Microsoft SQL Server\120\DTS\Binn\;C:\Program Files (x86)\Windows Kits\8.1\Windows Performance Toolkit\;C:\Program Files\Microsoft SQL Server\110\Tools\Binn\
USERNAME=Administrator
OS=Windows_NT
PROCESSOR_IDENTIFIER=Intel64 Family 6 Model 58 Stepping 9, GenuineIntel



---------------  S Y S T E M  ---------------

OS: Windows 7 , 64 bit Build 7601 (6.1.7601.18015)

CPU:total 4 (2 cores per cpu, 2 threads per core) family 6 model 58 stepping 9, cmov, cx8, fxsr, mmx, sse, sse2, sse3, ssse3, sse4.1, sse4.2, popcnt, avx, aes, clmul, erms, ht, tsc, tscinvbit, tscinv

Memory: 4k page, physical 8278380k(1131612k free), swap 16554916k(7147976k free)

vm_info: Java HotSpot(TM) 64-Bit Server VM (25.101-b13) for windows-amd64 JRE (1.8.0_101-b13), built on Jun 22 2016 01:21:29 by "java_re" with MS VC++ 10.0 (VS2010)

time: Thu Sep 01 08:38:45 2016
elapsed time: 11 seconds (0d 0h 0m 11s)

